<?xml version="1.0" encoding="UTF-8"?>
<!-- Generated by org.testng.reporters.JUnitXMLReporter -->
<testsuite hostname="DESKTOP-BQS7GFT" ignored="0" name="Default test" tests="3" failures="0" timestamp="2022-03-04T07:42:30 IST" time="9.104" errors="0">
  <testcase name="@AfterMethod After" time="0.001" classname="SDET.SeleniumTraining.TestngExample">
    <failure type="java.lang.NullPointerException">
      <![CDATA[java.lang.NullPointerException
at SDET.SeleniumTraining.TestngExample.After(TestngExample.java:52)
at sun.reflect.NativeMethodAccessorImpl.invoke0(Native Method)
at sun.reflect.NativeMethodAccessorImpl.invoke(NativeMethodAccessorImpl.java:62)
at sun.reflect.DelegatingMethodAccessorImpl.invoke(DelegatingMethodAccessorImpl.java:43)
at java.lang.reflect.Method.invoke(Method.java:498)
at org.testng.internal.invokers.MethodInvocationHelper.invokeMethod(MethodInvocationHelper.java:135)
at org.testng.internal.invokers.MethodInvocationHelper.invokeMethodConsideringTimeout(MethodInvocationHelper.java:65)
at org.testng.internal.invokers.ConfigInvoker.invokeConfigurationMethod(ConfigInvoker.java:381)
at org.testng.internal.invokers.ConfigInvoker.invokeConfigurations(ConfigInvoker.java:319)
at org.testng.internal.invokers.TestInvoker.runConfigMethods(TestInvoker.java:803)
at org.testng.internal.invokers.TestInvoker.runAfterConfigurations(TestInvoker.java:772)
at org.testng.internal.invokers.TestInvoker.invokeMethod(TestInvoker.java:748)
at org.testng.internal.invokers.TestInvoker.invokeTestMethod(TestInvoker.java:220)
at org.testng.internal.invokers.MethodRunner.runInSequence(MethodRunner.java:50)
at org.testng.internal.invokers.TestInvoker$MethodInvocationAgent.invoke(TestInvoker.java:945)
at org.testng.internal.invokers.TestInvoker.invokeTestMethods(TestInvoker.java:193)
at org.testng.internal.invokers.TestMethodWorker.invokeTestMethods(TestMethodWorker.java:146)
at org.testng.internal.invokers.TestMethodWorker.run(TestMethodWorker.java:128)
at java.util.ArrayList.forEach(ArrayList.java:1259)
at org.testng.TestRunner.privateRun(TestRunner.java:808)
at org.testng.TestRunner.run(TestRunner.java:603)
at org.testng.SuiteRunner.runTest(SuiteRunner.java:429)
at org.testng.SuiteRunner.runSequentially(SuiteRunner.java:423)
at org.testng.SuiteRunner.privateRun(SuiteRunner.java:383)
at org.testng.SuiteRunner.run(SuiteRunner.java:326)
at org.testng.SuiteRunnerWorker.runSuite(SuiteRunnerWorker.java:52)
at org.testng.SuiteRunnerWorker.run(SuiteRunnerWorker.java:95)
at org.testng.TestNG.runSuitesSequentially(TestNG.java:1249)
at org.testng.TestNG.runSuitesLocally(TestNG.java:1169)
at org.testng.TestNG.runSuites(TestNG.java:1092)
at org.testng.TestNG.run(TestNG.java:1060)
at org.testng.remote.AbstractRemoteTestNG.run(AbstractRemoteTestNG.java:115)
at org.testng.remote.RemoteTestNG.initAndRun(RemoteTestNG.java:251)
at org.testng.remote.RemoteTestNG.main(RemoteTestNG.java:77)
]]>
    </failure>
  </testcase> <!-- @AfterMethod After -->
  <testcase name="@BeforeMethod before" time="0.0" classname="SDET.SeleniumTraining.TestngExample">
    <skipped/>
  </testcase> <!-- @BeforeMethod before -->
  <testcase name="@AfterMethod After" time="0.0" classname="SDET.SeleniumTraining.TestngExample">
    <skipped/>
  </testcase> <!-- @AfterMethod After -->
  <testcase name="@BeforeMethod before" time="0.0" classname="SDET.SeleniumTraining.TestngExample">
    <skipped/>
  </testcase> <!-- @BeforeMethod before -->
  <testcase name="@AfterMethod After" time="0.0" classname="SDET.SeleniumTraining.TestngExample">
    <skipped/>
  </testcase> <!-- @AfterMethod After -->
  <testcase name="MousehoverOragne" time="0.005" classname="SDET.SeleniumTraining.TestngExample"/>
  <testcase name="PassEmail" time="0.0" classname="SDET.SeleniumTraining.TestngExample">
    <skipped/>
  </testcase> <!-- PassEmail -->
  <testcase name="m3" time="0.0" classname="SDET.SeleniumTraining.TestngExample">
    <skipped/>
  </testcase> <!-- m3 -->
</testsuite> <!-- Default test -->
