<?xml version="1.0" encoding="UTF-8"?>
<!-- Generated by org.testng.reporters.JUnitXMLReporter -->
<testsuite hostname="DESKTOP-BQS7GFT" ignored="0" name="Default test" tests="3" failures="0" timestamp="2022-03-29T08:22:42 IST" time="36.284" errors="0">
  <testcase name="MousehoverOragne" time="0.039" classname="SDET.SeleniumTraining.TestngExample"/>
  <testcase name="PassEmail" time="0.01" classname="SDET.SeleniumTraining.TestngExample"/>
  <testcase name="m3" time="0.005" classname="SDET.SeleniumTraining.TestngExample"/>
</testsuite> <!-- Default test -->
