<?xml version="1.0" encoding="UTF-8"?>
<!-- Generated by org.testng.reporters.JUnitXMLReporter -->
<testsuite hostname="DESKTOP-BQS7GFT" ignored="0" name="Test" tests="3" failures="0" timestamp="2022-03-06T10:09:13 IST" time="33.707" errors="0">
  <testcase name="MousehoverOragne" time="0.015" classname="SDET.SeleniumTraining.TestngExample"/>
  <testcase name="PassEmail" time="0.002" classname="SDET.SeleniumTraining.TestngExample"/>
  <testcase name="m3" time="0.009" classname="SDET.SeleniumTraining.TestngExample"/>
</testsuite> <!-- Test -->
