<?xml version="1.0" encoding="UTF-8"?>
<!-- Generated by org.testng.reporters.JUnitXMLReporter -->
<testsuite hostname="DESKTOP-BQS7GFT" ignored="0" name="Test" tests="3" failures="0" timestamp="2022-03-29T10:46:34 IST" time="41.534" errors="0">
  <testcase name="MousehoverOragne" time="0.001" classname="SDET.SeleniumTraining.TestngExample"/>
  <testcase name="PassEmail" time="0.0" classname="SDET.SeleniumTraining.TestngExample"/>
  <testcase name="m3" time="0.001" classname="SDET.SeleniumTraining.TestngExample"/>
</testsuite> <!-- Test -->
