<?xml version="1.0" encoding="UTF-8"?>
<testng-results skipped="0" failed="0" ignored="0" total="3" passed="3">
  <reporter-output>
  </reporter-output>
  <suite name="Suite" duration-ms="41534" started-at="2022-03-29T10:45:52 IST" finished-at="2022-03-29T10:46:34 IST">
    <groups>
    </groups>
    <test name="Test" duration-ms="41534" started-at="2022-03-29T10:45:52 IST" finished-at="2022-03-29T10:46:34 IST">
      <class name="SDET.SeleniumTraining.TestngExample">
        <test-method status="PASS" signature="before()[pri:0, instance:SDET.SeleniumTraining.TestngExample@77ec78b9]" name="before" is-config="true" duration-ms="13928" started-at="2022-03-29T10:45:53 IST" finished-at="2022-03-29T10:46:06 IST">
          <reporter-output>
          </reporter-output>
        </test-method> <!-- before -->
        <test-method status="PASS" signature="MousehoverOragne()[pri:0, instance:SDET.SeleniumTraining.TestngExample@77ec78b9]" name="MousehoverOragne" duration-ms="1" started-at="2022-03-29T10:46:06 IST" finished-at="2022-03-29T10:46:06 IST">
          <reporter-output>
          </reporter-output>
        </test-method> <!-- MousehoverOragne -->
        <test-method status="PASS" signature="After()[pri:0, instance:SDET.SeleniumTraining.TestngExample@77ec78b9]" name="After" is-config="true" duration-ms="647" started-at="2022-03-29T10:46:06 IST" finished-at="2022-03-29T10:46:07 IST">
          <reporter-output>
          </reporter-output>
        </test-method> <!-- After -->
        <test-method status="PASS" signature="before()[pri:0, instance:SDET.SeleniumTraining.TestngExample@77ec78b9]" name="before" is-config="true" duration-ms="14888" started-at="2022-03-29T10:46:07 IST" finished-at="2022-03-29T10:46:22 IST">
          <reporter-output>
          </reporter-output>
        </test-method> <!-- before -->
        <test-method status="PASS" signature="After()[pri:0, instance:SDET.SeleniumTraining.TestngExample@77ec78b9]" name="After" is-config="true" duration-ms="639" started-at="2022-03-29T10:46:22 IST" finished-at="2022-03-29T10:46:23 IST">
          <reporter-output>
          </reporter-output>
        </test-method> <!-- After -->
        <test-method status="PASS" signature="PassEmail()[pri:0, instance:SDET.SeleniumTraining.TestngExample@77ec78b9]" name="PassEmail" duration-ms="0" started-at="2022-03-29T10:46:22 IST" finished-at="2022-03-29T10:46:22 IST">
          <reporter-output>
          </reporter-output>
        </test-method> <!-- PassEmail -->
        <test-method status="PASS" signature="before()[pri:0, instance:SDET.SeleniumTraining.TestngExample@77ec78b9]" name="before" is-config="true" duration-ms="10756" started-at="2022-03-29T10:46:23 IST" finished-at="2022-03-29T10:46:33 IST">
          <reporter-output>
          </reporter-output>
        </test-method> <!-- before -->
        <test-method status="PASS" signature="m3()[pri:0, instance:SDET.SeleniumTraining.TestngExample@77ec78b9]" name="m3" duration-ms="1" started-at="2022-03-29T10:46:33 IST" finished-at="2022-03-29T10:46:33 IST">
          <reporter-output>
          </reporter-output>
        </test-method> <!-- m3 -->
        <test-method status="PASS" signature="After()[pri:0, instance:SDET.SeleniumTraining.TestngExample@77ec78b9]" name="After" is-config="true" duration-ms="638" started-at="2022-03-29T10:46:33 IST" finished-at="2022-03-29T10:46:34 IST">
          <reporter-output>
          </reporter-output>
        </test-method> <!-- After -->
      </class> <!-- SDET.SeleniumTraining.TestngExample -->
    </test> <!-- Test -->
  </suite> <!-- Suite -->
</testng-results>
