<?xml version="1.0" encoding="UTF-8"?>
<testng-results skipped="0" failed="0" ignored="0" total="1" passed="1">
  <reporter-output>
  </reporter-output>
  <suite name="Default suite" duration-ms="9506" started-at="2022-03-29T08:05:26 IST" finished-at="2022-03-29T08:05:35 IST">
    <groups>
    </groups>
    <test name="Default test" duration-ms="9506" started-at="2022-03-29T08:05:26 IST" finished-at="2022-03-29T08:05:35 IST">
      <class name="SDET.SeleniumTraining.ActionClassDemo">
        <test-method status="PASS" signature="FlowTest()[pri:0, instance:SDET.SeleniumTraining.ActionClassDemo@47db50c5]" name="FlowTest" duration-ms="9468" started-at="2022-03-29T08:05:26 IST" finished-at="2022-03-29T08:05:35 IST">
          <reporter-output>
          </reporter-output>
        </test-method> <!-- FlowTest -->
      </class> <!-- SDET.SeleniumTraining.ActionClassDemo -->
    </test> <!-- Default test -->
  </suite> <!-- Default suite -->
</testng-results>
