<?xml version="1.0" encoding="UTF-8"?>
<testng-results skipped="0" failed="0" ignored="0" total="3" passed="3">
  <reporter-output>
  </reporter-output>
  <suite name="Default suite" duration-ms="36284" started-at="2022-03-29T08:22:06 IST" finished-at="2022-03-29T08:22:42 IST">
    <groups>
    </groups>
    <test name="Default test" duration-ms="36284" started-at="2022-03-29T08:22:06 IST" finished-at="2022-03-29T08:22:42 IST">
      <class name="SDET.SeleniumTraining.TestngExample">
        <test-method status="PASS" signature="before()[pri:0, instance:SDET.SeleniumTraining.TestngExample@319b92f3]" name="before" is-config="true" duration-ms="13979" started-at="2022-03-29T08:22:06 IST" finished-at="2022-03-29T08:22:20 IST">
          <reporter-output>
          </reporter-output>
        </test-method> <!-- before -->
        <test-method status="PASS" signature="MousehoverOragne()[pri:0, instance:SDET.SeleniumTraining.TestngExample@319b92f3]" name="MousehoverOragne" duration-ms="39" started-at="2022-03-29T08:22:20 IST" finished-at="2022-03-29T08:22:20 IST">
          <reporter-output>
          </reporter-output>
        </test-method> <!-- MousehoverOragne -->
        <test-method status="PASS" signature="After()[pri:0, instance:SDET.SeleniumTraining.TestngExample@319b92f3]" name="After" is-config="true" duration-ms="1174" started-at="2022-03-29T08:22:20 IST" finished-at="2022-03-29T08:22:21 IST">
          <reporter-output>
          </reporter-output>
        </test-method> <!-- After -->
        <test-method status="PASS" signature="before()[pri:0, instance:SDET.SeleniumTraining.TestngExample@319b92f3]" name="before" is-config="true" duration-ms="10292" started-at="2022-03-29T08:22:21 IST" finished-at="2022-03-29T08:22:31 IST">
          <reporter-output>
          </reporter-output>
        </test-method> <!-- before -->
        <test-method status="PASS" signature="PassEmail()[pri:0, instance:SDET.SeleniumTraining.TestngExample@319b92f3]" name="PassEmail" duration-ms="10" started-at="2022-03-29T08:22:31 IST" finished-at="2022-03-29T08:22:31 IST">
          <reporter-output>
          </reporter-output>
        </test-method> <!-- PassEmail -->
        <test-method status="PASS" signature="After()[pri:0, instance:SDET.SeleniumTraining.TestngExample@319b92f3]" name="After" is-config="true" duration-ms="1527" started-at="2022-03-29T08:22:31 IST" finished-at="2022-03-29T08:22:33 IST">
          <reporter-output>
          </reporter-output>
        </test-method> <!-- After -->
        <test-method status="PASS" signature="before()[pri:0, instance:SDET.SeleniumTraining.TestngExample@319b92f3]" name="before" is-config="true" duration-ms="8370" started-at="2022-03-29T08:22:33 IST" finished-at="2022-03-29T08:22:41 IST">
          <reporter-output>
          </reporter-output>
        </test-method> <!-- before -->
        <test-method status="PASS" signature="m3()[pri:0, instance:SDET.SeleniumTraining.TestngExample@319b92f3]" name="m3" duration-ms="5" started-at="2022-03-29T08:22:41 IST" finished-at="2022-03-29T08:22:41 IST">
          <reporter-output>
          </reporter-output>
        </test-method> <!-- m3 -->
        <test-method status="PASS" signature="After()[pri:0, instance:SDET.SeleniumTraining.TestngExample@319b92f3]" name="After" is-config="true" duration-ms="666" started-at="2022-03-29T08:22:41 IST" finished-at="2022-03-29T08:22:42 IST">
          <reporter-output>
          </reporter-output>
        </test-method> <!-- After -->
      </class> <!-- SDET.SeleniumTraining.TestngExample -->
    </test> <!-- Default test -->
  </suite> <!-- Default suite -->
</testng-results>
